Running in Lattice mode


Starting:    C:\ispLEVER_Classic2_0\synpbase\win64\mbin\synbatch.exe
Install:     C:\ispLEVER_Classic2_0\synpbase
Date:        Wed Sep 12 14:24:34 2018
Version:     I-2014.03LC 

Arguments:   -product synplify_pro  -batch c:/users/akselsl/documents/byggern/byggern-ttk4155\chip_select.prj
ProductType: synplify_pro





log file: "C:\users\akselsl\documents\byggern\byggern-ttk4155\chip_select.srr"

Running chip_select|byggern-ttk4155

Running: Compile on chip_select|byggern-ttk4155

Running: Compile Process on chip_select|byggern-ttk4155

Running: Compile Input on chip_select|byggern-ttk4155
Copied C:\users\akselsl\documents\byggern\byggern-ttk4155\synwork\chip_select_comp.srs to C:\users\akselsl\documents\byggern\byggern-ttk4155\chip_select.srs
compiler Completed
Return Code: 0
Run Time:0h:00m:01s

Running: Multi-srs Generator on chip_select|byggern-ttk4155
Copied C:\users\akselsl\documents\byggern\byggern-ttk4155\synwork\chip_select_comp.srs to C:\users\akselsl\documents\byggern\byggern-ttk4155\synwork\chip_select_s.srs
multi_srs_gen Completed
Return Code: 0
Run Time:0h:00m:01s
Copied C:\users\akselsl\documents\byggern\byggern-ttk4155\synwork\chip_select_mult.srs to C:\users\akselsl\documents\byggern\byggern-ttk4155\chip_select.srs
Copied C:\users\akselsl\documents\byggern\byggern-ttk4155\chip_select.srr to C:\users\akselsl\documents\byggern\byggern-ttk4155\chip_select.srf
Complete: Compile Process on chip_select|byggern-ttk4155
Complete: Compile on chip_select|byggern-ttk4155

Running: Map on chip_select|byggern-ttk4155

Running: Map & Optimize on chip_select|byggern-ttk4155
fpga_mapper Completed
Return Code: 0
Run Time:0h:00m:00s
Complete: Map on chip_select|byggern-ttk4155
Complete: Logic Synthesis on chip_select|byggern-ttk4155

exit status=0

exit status=0

